<?xml version="1.0" encoding="UTF-8"?>
<!-- Generated by org.testng.reporters.JUnitReportReporter -->
<testsuite hostname="DESKTOP-KE67IID" failures="0" tests="1" name="script.Test1" time="20.007" errors="0" timestamp="2022-09-26T09:20:28 IST" skipped="0">
  <testcase classname="script.Test1" name="testA" time="20.007"/>
  <system-out/>
</testsuite> <!-- script.Test1 -->
